Using pre-set license
Built from '2020.3/staging' branch; Version is '2020.3.11f1 (99c7afb366b3) revision 10078127'; Using compiler version '192528614'; Build Type 'Release'
OS: 'Windows 10 Pro; OS build 19043.1052; Version 2009; 64bit' Language: 'en' Physical Memory: 32728 MB
BatchMode: 1, IsHumanControllingUs: 0, StartBugReporterOnCrash: 0, Is64bit: 1, IsPro: 0

 COMMAND LINE ARGUMENTS:
C:\Program Files\Unity\Hub\Editor\2020.3.11f1\Editor\Unity.exe
-adb2
-batchMode
-noUpm
-name
AssetImportWorker0
-projectPath
D:/Development/Unity/scp_security
-logFile
Logs/AssetImportWorker0.log
-srvPort
50028
Successfully changed project path to: D:/Development/Unity/scp_security
D:/Development/Unity/scp_security
Using Asset Import Pipeline V2.
Refreshing native plugins compatible for Editor in 40.57 ms, found 2 plugins.
Preloading 0 native plugins for Editor in 0.00 ms.
Initialize engine version: 2020.3.11f1 (99c7afb366b3)
[Subsystems] Discovering subsystems at path C:/Program Files/Unity/Hub/Editor/2020.3.11f1/Editor/Data/Resources/UnitySubsystems
[Subsystems] Discovering subsystems at path D:/Development/Unity/scp_security/Assets
GfxDevice: creating device client; threaded=0
Direct3D:
    Version:  Direct3D 11.0 [level 11.1]
    Renderer: NVIDIA Quadro M3000M (ID=0x13fa)
    Vendor:   
    VRAM:     4053 MB
    Driver:   27.21.14.6611
Initialize mono
Mono path[0] = 'C:/Program Files/Unity/Hub/Editor/2020.3.11f1/Editor/Data/Managed'
Mono path[1] = 'C:/Program Files/Unity/Hub/Editor/2020.3.11f1/Editor/Data/MonoBleedingEdge/lib/mono/unityjit'
Mono config path = 'C:/Program Files/Unity/Hub/Editor/2020.3.11f1/Editor/Data/MonoBleedingEdge/etc'
Using monoOptions --debugger-agent=transport=dt_socket,embedding=1,server=y,suspend=n,address=127.0.0.1:56080
Begin MonoManager ReloadAssembly
Registering precompiled unity dll's ...
Register platform support module: C:/Program Files/Unity/Hub/Editor/2020.3.11f1/Editor/Data/PlaybackEngines/WindowsStandaloneSupport/UnityEditor.WindowsStandalone.Extensions.dll
Registered in 0.001544 seconds.
Native extension for WindowsStandalone target not found
Refreshing native plugins compatible for Editor in 36.98 ms, found 2 plugins.
Preloading 0 native plugins for Editor in 0.00 ms.
Mono: successfully reloaded assembly
- Completed reload, in  0.989 seconds
Platform modules already initialized, skipping
Registering precompiled user dll's ...
Registered in 0.002761 seconds.
Begin MonoManager ReloadAssembly
Native extension for WindowsStandalone target not found
Refreshing native plugins compatible for Editor in 0.42 ms, found 2 plugins.
Preloading 0 native plugins for Editor in 0.00 ms.
Mono: successfully reloaded assembly
- Completed reload, in  1.179 seconds
Platform modules already initialized, skipping
========================================================================
Worker process is ready to serve import requests
Launched and connected shader compiler UnityShaderCompiler.exe after 0.05 seconds
Refreshing native plugins compatible for Editor in 0.72 ms, found 2 plugins.
Preloading 0 native plugins for Editor in 0.00 ms.
Unloading 1822 Unused Serialized files (Serialized files now loaded: 0)
System memory in use before: 83.7 MB.
System memory in use after: 83.7 MB.

Unloading 78 unused Assets to reduce memory usage. Loaded Objects now: 2251.
Total: 4.056300 ms (FindLiveObjects: 0.272900 ms CreateObjectMapping: 0.150400 ms MarkObjects: 3.380200 ms  DeleteObjects: 0.251400 ms)

========================================================================
Received Import Request.
  path: Assets/tv.FBX
  artifactKey: Guid(f03ad94baf923aa4aa6adb2089bb06f9) Importer(815301076,1909f56bfc062723c751e8b465ee728b)
Start importing Assets/tv.FBX using Guid(f03ad94baf923aa4aa6adb2089bb06f9) Importer(815301076,1909f56bfc062723c751e8b465ee728b)  -> (artifact id: '77ef6321f7b7ad4a392d02338c456926') in 0.455436 seconds
  Import took 0.459366 seconds .

========================================================================
Received Import Request.
  Time since last request: 478.245992 seconds.
  path: Assets/AssetStoreOriginals/_SNAPS_PrototypingAssets/About/Readme.asset
  artifactKey: Guid(83c2ed844a8c74b779a4c823d16594b1) Importer(815301076,1909f56bfc062723c751e8b465ee728b)
Start importing Assets/AssetStoreOriginals/_SNAPS_PrototypingAssets/About/Readme.asset using Guid(83c2ed844a8c74b779a4c823d16594b1) Importer(815301076,1909f56bfc062723c751e8b465ee728b)  -> (artifact id: 'cf2ebd2844e1cee09475f357c3afb310') in 0.011903 seconds
  Import took 0.015888 seconds .

========================================================================
Received Import Request.
  Time since last request: 6.877382 seconds.
  path: Assets/Scenes
  artifactKey: Guid(f2cd7c0ceb2ef9b47855f67f8e2b8b17) Importer(815301076,1909f56bfc062723c751e8b465ee728b)
Start importing Assets/Scenes using Guid(f2cd7c0ceb2ef9b47855f67f8e2b8b17) Importer(815301076,1909f56bfc062723c751e8b465ee728b)  -> (artifact id: '5ceeef4fd697a0d416195488a2a1891a') in 0.005828 seconds
  Import took 0.009118 seconds .

========================================================================
Received Import Request.
  Time since last request: 0.002874 seconds.
  path: Assets/Scenes
  artifactKey: Guid(f2cd7c0ceb2ef9b47855f67f8e2b8b17) Importer(815301076,1909f56bfc062723c751e8b465ee728b)
Start importing Assets/Scenes using Guid(f2cd7c0ceb2ef9b47855f67f8e2b8b17) Importer(815301076,1909f56bfc062723c751e8b465ee728b)  -> (artifact id: '5ceeef4fd697a0d416195488a2a1891a') in 0.001339 seconds
  Import took 0.004591 seconds .

========================================================================
Received Import Request.
  Time since last request: 2.890641 seconds.
  path: Assets/Scenes/Main.unity
  artifactKey: Guid(512f6d2cf1620cb49a080cdbeadfa213) Importer(815301076,1909f56bfc062723c751e8b465ee728b)
Start importing Assets/Scenes/Main.unity using Guid(512f6d2cf1620cb49a080cdbeadfa213) Importer(815301076,1909f56bfc062723c751e8b465ee728b)  -> (artifact id: '79d35caf01542a3e11072b04ca98bc16') in 0.006478 seconds
  Import took 0.009484 seconds .

========================================================================
Received Prepare
Registering precompiled user dll's ...
Registered in 0.208579 seconds.
Begin MonoManager ReloadAssembly
Native extension for WindowsStandalone target not found
Refreshing native plugins compatible for Editor in 0.41 ms, found 2 plugins.
Preloading 0 native plugins for Editor in 0.00 ms.
Warning: Annotation not found!
UnityEngine.StackTraceUtility:ExtractStackTrace ()
UnityEditor.ProBuilder.EditorUtility:SetGizmoIconEnabled (System.Type,bool) (at Library/PackageCache/com.unity.probuilder@5.0.3/Editor/EditorCore/EditorUtility.cs:575)
UnityEditor.ProBuilder.HierarchyListener:.cctor () (at Library/PackageCache/com.unity.probuilder@5.0.3/Editor/EditorCore/HierarchyListener.cs:21)
System.Runtime.CompilerServices.RuntimeHelpers:RunClassConstructor (System.RuntimeTypeHandle)
UnityEditor.EditorAssemblies:ProcessInitializeOnLoadAttributes (System.Type[])

[Library/PackageCache/com.unity.probuilder@5.0.3/Editor/EditorCore/EditorUtility.cs line 575]

Mono: successfully reloaded assembly
- Completed reload, in  0.976 seconds
Platform modules already initialized, skipping
Refreshing native plugins compatible for Editor in 0.44 ms, found 2 plugins.
Preloading 0 native plugins for Editor in 0.00 ms.
Unloading 1790 Unused Serialized files (Serialized files now loaded: 0)
System memory in use before: 84.5 MB.
System memory in use after: 84.6 MB.

Unloading 14 unused Assets to reduce memory usage. Loaded Objects now: 2297.
Total: 2.434300 ms (FindLiveObjects: 0.184900 ms CreateObjectMapping: 0.052500 ms MarkObjects: 2.122900 ms  DeleteObjects: 0.072900 ms)

========================================================================
Received Import Request.
  Time since last request: 2145.004738 seconds.
  path: Assets/Scripts
  artifactKey: Guid(0506f6d0a804f3547b118f6cc8feb5c9) Importer(815301076,1909f56bfc062723c751e8b465ee728b)
Start importing Assets/Scripts using Guid(0506f6d0a804f3547b118f6cc8feb5c9) Importer(815301076,1909f56bfc062723c751e8b465ee728b)  -> (artifact id: '57a31a1b7316bf15a2dc97382d0ab30b') in 0.010402 seconds
  Import took 0.014207 seconds .

AssetImportWorkerClient::OnTransportError - code=2 error=End of file
